0.071993 147
0.000138 27
2.146440 1
0.060296 1
0.232023 1
0.239882 1
0.169055 1
0.251229 9
0.576920 2
0.023923 11
0.000129 35
0.000020 138
4.890049 72
2.597975 75
2.529210 72
2.002300 67
2.558301 71
2.004805 67
2.012488 67
2.018330 132
0.000070 27
3.334725 1
0.110338 1
0.236664 1
0.266577 1
0.170540 1
0.574995 1
0.214984 1
0.245952 1
0.117504 1
0.241510 1
0.091012 1
0.222831 1
0.185389 1
0.285116 3
0.532825 2
0.001051 31
0.000024 3287
0.003457 133
0.000081 27
4.561636 1
0.083795 1
0.957788 1
0.066828 1
0.128009 1
0.080533 1
0.149791 12
1.592906 2
0.010535 38
1.297956 38
1.294296 38
1.287890 38
1.295907 38
1.278816 38
1.275770 38
1.274067 38
1.756967 136
0.000054 27
1.750205 18
0.391596 37
0.494250 2
0.001014 2814
0.003462 133
0.000084 27
3.436416 1
0.164770 1
0.178560 1
0.095385 1
0.175018 1
0.132023 2
0.000972 11
0.003623 123
0.000078 27
1.941508 1
0.079000 1
0.140827 1
0.345275 1
0.196353 1
0.253666 9
2.215173 2
0.019813 11
0.000182 35
0.000021 138
4.997666 71
2.504411 74
2.502000 71
2.002292 67
2.506974 70
2.005589 67
2.005890 67
2.011993 132
0.000093 27
2.583933 14
0.808168 2
0.020149 11
0.000286 173
4.623919 72
2.517565 75
2.549292 72
2.002177 67
2.532272 71
2.001208 67
2.005734 67
2.009241 132
0.000096 27
1.441490 14
0.942563 23
0.918897 19
0.476144 2
0.020351 11
0.000156 173
4.735874 72
2.535995 75
2.540663 72
2.002324 67
2.551132 71
2.002583 67
2.003795 67
2.012247 132
0.000096 27
1.543992 14
0.316864 23
0.516557 18
0.872608 2
0.000634 1972
0.000033 1600
0.000013 2
0.003415 133
0.000069 27
9.702285 1
0.125666 1
0.235806 1
0.124212 1
0.186656 1
1.039066 2
0.000753 11
0.003607 123
0.000092 27
3.373585 6
